<?xml version="1.0" encoding="UTF-8"?>
<!-- Generated by org.testng.reporters.JUnitReportReporter -->
<testsuite skipped="0" hostname="ATMECSINLT-033" name="com.atmecs.practo.testscripts.SelectProductTestScript" tests="1" failures="0" timestamp="20 Sep 2019 12:19:05 GMT" time="105.331" errors="0">
  <testcase name="productSelect" time="105.331" classname="com.atmecs.practo.testscripts.SelectProductTestScript"/>
</testsuite> <!-- com.atmecs.practo.testscripts.SelectProductTestScript -->
