<?xml version="1.0" encoding="UTF-8"?>
<!-- Generated by org.testng.reporters.JUnitReportReporter -->
<testsuite skipped="0" hostname="ATMECSINLT-033" name="com.atmecs.practo.testscripts.SelectProductTestScript" tests="1" failures="0" timestamp="23 Sep 2019 13:33:20 GMT" time="118.384" errors="0">
  <testcase name="productSelect" time="118.384" classname="com.atmecs.practo.testscripts.SelectProductTestScript"/>
</testsuite> <!-- com.atmecs.practo.testscripts.SelectProductTestScript -->
