<?xml version="1.0" encoding="UTF-8"?>
<!-- Generated by org.testng.reporters.JUnitReportReporter -->
<testsuite skipped="0" hostname="ATMECSINLT-033" name="com.atmecs.practo.testscripts.SelectPharmacyTestScript" tests="2" failures="0" timestamp="23 Sep 2019 13:33:20 GMT" time="15.137" errors="0">
  <testcase name="isRedirectionCorrect" time="0.034" classname="com.atmecs.practo.testscripts.SelectPharmacyTestScript"/>
  <testcase name="clickDepartment" time="15.103" classname="com.atmecs.practo.testscripts.SelectPharmacyTestScript"/>
</testsuite> <!-- com.atmecs.practo.testscripts.SelectPharmacyTestScript -->
