<?xml version="1.0" encoding="UTF-8"?>
<!-- Generated by org.testng.reporters.JUnitReportReporter -->
<testsuite skipped="0" hostname="ATMECSINLT-033" name="com.atmecs.practo.pages.Pharmacy" tests="4" failures="0" timestamp="19 Sep 2019 11:50:51 GMT" time="113.032" errors="0">
  <testcase name="selectDepartment" time="5.543" classname="com.atmecs.practo.pages.Pharmacy"/>
  <testcase name="selectMeddep" time="1.145" classname="com.atmecs.practo.pages.Pharmacy"/>
  <testcase name="searcMedicine" time="72.333" classname="com.atmecs.practo.pages.Pharmacy"/>
  <testcase name="productAdd" time="34.011" classname="com.atmecs.practo.pages.Pharmacy"/>
</testsuite> <!-- com.atmecs.practo.pages.Pharmacy -->
