<?xml version="1.0" encoding="UTF-8"?>
<!-- Generated by org.testng.reporters.JUnitReportReporter -->
<testsuite skipped="0" hostname="ATMECSINLT-033" name="com.atmecs.practo.testscripts.ProductCheckoutTestScript" tests="1" failures="0" timestamp="20 Sep 2019 12:06:53 GMT" time="6.098" errors="0">
  <testcase name="checkout" time="6.098" classname="com.atmecs.practo.testscripts.ProductCheckoutTestScript"/>
</testsuite> <!-- com.atmecs.practo.testscripts.ProductCheckoutTestScript -->
