<?xml version="1.0" encoding="UTF-8"?>
<!-- Generated by org.testng.reporters.JUnitReportReporter -->
<testsuite skipped="0" hostname="ATMECSINLT-033" name="com.atmecs.practo.testscripts.SelectPharmacyTestScript" tests="2" failures="0" timestamp="19 Sep 2019 14:19:10 GMT" time="2.926" errors="0">
  <testcase name="isRedirectionCorrect" time="0.028" classname="com.atmecs.practo.testscripts.SelectPharmacyTestScript"/>
  <testcase name="clickDepartment" time="2.898" classname="com.atmecs.practo.testscripts.SelectPharmacyTestScript"/>
</testsuite> <!-- com.atmecs.practo.testscripts.SelectPharmacyTestScript -->
