<?xml version="1.0" encoding="UTF-8"?>
<!-- Generated by org.testng.reporters.JUnitReportReporter -->
<testsuite skipped="0" hostname="ATMECSINLT-033" name="com.atmecs.practo.testscripts.ProductCheckoutTestScript" tests="1" failures="0" timestamp="19 Sep 2019 14:19:10 GMT" time="5.226" errors="0">
  <testcase name="checkout" time="5.226" classname="com.atmecs.practo.testscripts.ProductCheckoutTestScript"/>
</testsuite> <!-- com.atmecs.practo.testscripts.ProductCheckoutTestScript -->
