<?xml version="1.0" encoding="UTF-8"?>
<!-- Generated by org.testng.reporters.JUnitReportReporter -->
<testsuite skipped="0" hostname="ATMECSINLT-033" name="com.atmecs.practo.testscripts.SelectProductTestScript" tests="1" failures="0" timestamp="19 Sep 2019 14:19:10 GMT" time="101.618" errors="0">
  <testcase name="productSelect" time="101.618" classname="com.atmecs.practo.testscripts.SelectProductTestScript"/>
</testsuite> <!-- com.atmecs.practo.testscripts.SelectProductTestScript -->
