<?xml version="1.0" encoding="UTF-8"?>
<!-- Generated by org.testng.reporters.JUnitReportReporter -->
<testsuite skipped="0" hostname="ATMECSINLT-033" name="com.atmecs.practo.validation.PharmacyValidation" tests="1" failures="0" timestamp="19 Sep 2019 12:12:24 GMT" time="0.033" errors="0">
  <testcase name="homePageLanding" time="0.033" classname="com.atmecs.practo.validation.PharmacyValidation"/>
</testsuite> <!-- com.atmecs.practo.validation.PharmacyValidation -->
