<?xml version="1.0" encoding="UTF-8"?>
<!-- Generated by org.testng.reporters.JUnitReportReporter -->
<testsuite skipped="0" hostname="ATMECSINLT-033" name="com.atmecs.practo.testscripts.SelectPharmacyTestScript" tests="2" failures="0" timestamp="23 Sep 2019 13:37:51 GMT" time="18.128" errors="0">
  <testcase name="isRedirectionCorrect" time="0.040" classname="com.atmecs.practo.testscripts.SelectPharmacyTestScript"/>
  <testcase name="clickDepartment" time="18.088" classname="com.atmecs.practo.testscripts.SelectPharmacyTestScript"/>
</testsuite> <!-- com.atmecs.practo.testscripts.SelectPharmacyTestScript -->
