<?xml version="1.0" encoding="UTF-8"?>
<!-- Generated by org.testng.reporters.JUnitReportReporter -->
<testsuite skipped="0" hostname="ATMECSINLT-033" name="com.atmecs.practo.testscripts.SelectPharmacyTestScript" tests="2" failures="0" timestamp="20 Sep 2019 12:06:53 GMT" time="2.892" errors="0">
  <testcase name="isRedirectionCorrect" time="0.155" classname="com.atmecs.practo.testscripts.SelectPharmacyTestScript"/>
  <testcase name="clickDepartment" time="2.737" classname="com.atmecs.practo.testscripts.SelectPharmacyTestScript"/>
</testsuite> <!-- com.atmecs.practo.testscripts.SelectPharmacyTestScript -->
